make --dry-run --keep-going --print-directory
make: Entering directory `/Users/dwulfe/my_cub3d'
mkdir -p  ./objs/
/Applications/Xcode.app/Contents/Developer/usr/bin/make -C ./libs/Libft
 
make[1]: Entering directory `/Users/dwulfe/my_cub3d/libs/Libft'
gcc -Wall -Wextra -Werror -O2 -c ft_memset.c -o ft_memset.o -MD
gcc -Wall -Wextra -Werror -O2 -c ft_bzero.c -o ft_bzero.o -MD
gcc -Wall -Wextra -Werror -O2 -c ft_memcpy.c -o ft_memcpy.o -MD
gcc -Wall -Wextra -Werror -O2 -c ft_memccpy.c -o ft_memccpy.o -MD
gcc -Wall -Wextra -Werror -O2 -c ft_memmove.c -o ft_memmove.o -MD
gcc -Wall -Wextra -Werror -O2 -c ft_memchr.c -o ft_memchr.o -MD
gcc -Wall -Wextra -Werror -O2 -c ft_memcmp.c -o ft_memcmp.o -MD
gcc -Wall -Wextra -Werror -O2 -c ft_strlen.c -o ft_strlen.o -MD
gcc -Wall -Wextra -Werror -O2 -c ft_strlcpy.c -o ft_strlcpy.o -MD
gcc -Wall -Wextra -Werror -O2 -c ft_strlcat.c -o ft_strlcat.o -MD
gcc -Wall -Wextra -Werror -O2 -c ft_strchr.c -o ft_strchr.o -MD
gcc -Wall -Wextra -Werror -O2 -c ft_strnstr.c -o ft_strnstr.o -MD
gcc -Wall -Wextra -Werror -O2 -c ft_strrchr.c -o ft_strrchr.o -MD
gcc -Wall -Wextra -Werror -O2 -c ft_strncmp.c -o ft_strncmp.o -MD
gcc -Wall -Wextra -Werror -O2 -c ft_atoi.c -o ft_atoi.o -MD
gcc -Wall -Wextra -Werror -O2 -c ft_isalpha.c -o ft_isalpha.o -MD
gcc -Wall -Wextra -Werror -O2 -c ft_isdigit.c -o ft_isdigit.o -MD
gcc -Wall -Wextra -Werror -O2 -c ft_isalnum.c -o ft_isalnum.o -MD
gcc -Wall -Wextra -Werror -O2 -c ft_isascii.c -o ft_isascii.o -MD
gcc -Wall -Wextra -Werror -O2 -c ft_isprint.c -o ft_isprint.o -MD
gcc -Wall -Wextra -Werror -O2 -c ft_tolower.c -o ft_tolower.o -MD
gcc -Wall -Wextra -Werror -O2 -c ft_toupper.c -o ft_toupper.o -MD
gcc -Wall -Wextra -Werror -O2 -c ft_calloc.c -o ft_calloc.o -MD
gcc -Wall -Wextra -Werror -O2 -c ft_strdup.c -o ft_strdup.o -MD
gcc -Wall -Wextra -Werror -O2 -c ft_substr.c -o ft_substr.o -MD
gcc -Wall -Wextra -Werror -O2 -c ft_strjoin.c -o ft_strjoin.o -MD
gcc -Wall -Wextra -Werror -O2 -c ft_strtrim.c -o ft_strtrim.o -MD
gcc -Wall -Wextra -Werror -O2 -c ft_split.c -o ft_split.o -MD
gcc -Wall -Wextra -Werror -O2 -c ft_itoa.c -o ft_itoa.o -MD
gcc -Wall -Wextra -Werror -O2 -c ft_strmapi.c -o ft_strmapi.o -MD
gcc -Wall -Wextra -Werror -O2 -c ft_putchar_fd.c -o ft_putchar_fd.o -MD
gcc -Wall -Wextra -Werror -O2 -c ft_putnbr_fd.c -o ft_putnbr_fd.o -MD
gcc -Wall -Wextra -Werror -O2 -c ft_putstr_fd.c -o ft_putstr_fd.o -MD
gcc -Wall -Wextra -Werror -O2 -c ft_putendl_fd.c -o ft_putendl_fd.o -MD
ar rcs libft.a ft_memset.o ft_bzero.o ft_memcpy.o ft_memccpy.o ft_memmove.o ft_memchr.o ft_memcmp.o ft_strlen.o ft_strlcpy.o ft_strlcat.o ft_strchr.o ft_strnstr.o ft_strrchr.o ft_strncmp.o ft_atoi.o ft_isalpha.o ft_isdigit.o ft_isalnum.o ft_isascii.o ft_isprint.o ft_tolower.o ft_toupper.o ft_calloc.o ft_strdup.o ft_substr.o ft_strjoin.o ft_strtrim.o ft_split.o ft_itoa.o ft_strmapi.o ft_putchar_fd.o ft_putnbr_fd.o ft_putstr_fd.o ft_putendl_fd.o
make[1]: Leaving directory `/Users/dwulfe/my_cub3d/libs/Libft'
 
/Applications/Xcode.app/Contents/Developer/usr/bin/make -C ./libs/Libft
 
make[1]: Entering directory `/Users/dwulfe/my_cub3d/libs/Libft'
gcc -Wall -Wextra -Werror -O2 -c ft_memset.c -o ft_memset.o -MD
 
gcc -Wall -Wextra -Werror -O2 -c ft_bzero.c -o ft_bzero.o -MD
gcc -Wall -Wextra -Werror -O2 -c ft_memcpy.c -o ft_memcpy.o -MD
gcc -Wall -Wextra -Werror -O2 -c ft_memccpy.c -o ft_memccpy.o -MD
gcc -Wall -Wextra -Werror -O2 -c ft_memmove.c -o ft_memmove.o -MD
 
gcc -Wall -Wextra -Werror -O2 -c ft_memchr.c -o ft_memchr.o -MD
gcc -Wall -Wextra -Werror -O2 -c ft_memcmp.c -o ft_memcmp.o -MD
gcc -Wall -Wextra -Werror -O2 -c ft_strlen.c -o ft_strlen.o -MD
gcc -Wall -Wextra -Werror -O2 -c ft_strlcpy.c -o ft_strlcpy.o -MD
gcc -Wall -Wextra -Werror -O2 -c ft_strlcat.c -o ft_strlcat.o -MD
gcc -Wall -Wextra -Werror -O2 -c ft_strchr.c -o ft_strchr.o -MD
gcc -Wall -Wextra -Werror -O2 -c ft_strnstr.c -o ft_strnstr.o -MD
gcc -Wall -Wextra -Werror -O2 -c ft_strrchr.c -o ft_strrchr.o -MD
 
gcc -Wall -Wextra -Werror -O2 -c ft_strncmp.c -o ft_strncmp.o -MD
gcc -Wall -Wextra -Werror -O2 -c ft_atoi.c -o ft_atoi.o -MD
gcc -Wall -Wextra -Werror -O2 -c ft_isalpha.c -o ft_isalpha.o -MD
gcc -Wall -Wextra -Werror -O2 -c ft_isdigit.c -o ft_isdigit.o -MD
gcc -Wall -Wextra -Werror -O2 -c ft_isalnum.c -o ft_isalnum.o -MD
gcc -Wall -Wextra -Werror -O2 -c ft_isascii.c -o ft_isascii.o -MD
gcc -Wall -Wextra -Werror -O2 -c ft_isprint.c -o ft_isprint.o -MD
 
gcc -Wall -Wextra -Werror -O2 -c ft_tolower.c -o ft_tolower.o -MD
gcc -Wall -Wextra -Werror -O2 -c ft_toupper.c -o ft_toupper.o -MD
gcc -Wall -Wextra -Werror -O2 -c ft_calloc.c -o ft_calloc.o -MD
gcc -Wall -Wextra -Werror -O2 -c ft_strdup.c -o ft_strdup.o -MD
gcc -Wall -Wextra -Werror -O2 -c ft_substr.c -o ft_substr.o -MD
gcc -Wall -Wextra -Werror -O2 -c ft_strjoin.c -o ft_strjoin.o -MD
gcc -Wall -Wextra -Werror -O2 -c ft_strtrim.c -o ft_strtrim.o -MD
 
gcc -Wall -Wextra -Werror -O2 -c ft_split.c -o ft_split.o -MD
gcc -Wall -Wextra -Werror -O2 -c ft_itoa.c -o ft_itoa.o -MD
gcc -Wall -Wextra -Werror -O2 -c ft_strmapi.c -o ft_strmapi.o -MD
gcc -Wall -Wextra -Werror -O2 -c ft_putchar_fd.c -o ft_putchar_fd.o -MD
gcc -Wall -Wextra -Werror -O2 -c ft_putnbr_fd.c -o ft_putnbr_fd.o -MD
gcc -Wall -Wextra -Werror -O2 -c ft_putstr_fd.c -o ft_putstr_fd.o -MD
gcc -Wall -Wextra -Werror -O2 -c ft_putendl_fd.c -o ft_putendl_fd.o -MD
ar rcs libft.a ft_memset.o ft_bzero.o ft_memcpy.o ft_memccpy.o ft_memmove.o ft_memchr.o ft_memcmp.o ft_strlen.o ft_strlcpy.o ft_strlcat.o ft_strchr.o ft_strnstr.o ft_strrchr.o ft_strncmp.o ft_atoi.o ft_isalpha.o ft_isdigit.o ft_isalnum.o ft_isascii.o ft_isprint.o ft_tolower.o ft_toupper.o ft_calloc.o ft_strdup.o ft_substr.o ft_strjoin.o ft_strtrim.o ft_split.o ft_itoa.o ft_strmapi.o ft_putchar_fd.o ft_putnbr_fd.o ft_putstr_fd.o ft_putendl_fd.o
make[1]: Leaving directory `/Users/dwulfe/my_cub3d/libs/Libft'
 
/Applications/Xcode.app/Contents/Developer/usr/bin/make lib -C ./parser
 
make[1]: Entering directory `/Users/dwulfe/my_cub3d/parser'
gcc -DPWD="\"/Users/dwulfe/my_cub3d/parser\"" -g -c check_map.c -o check_map.o
 
gcc -DPWD="\"/Users/dwulfe/my_cub3d/parser\"" -g -c check_map_strings.c -o check_map_strings.o
 
gcc -DPWD="\"/Users/dwulfe/my_cub3d/parser\"" -g -c check_params.c -o check_params.o
 
gcc -DPWD="\"/Users/dwulfe/my_cub3d/parser\"" -g -c cleaning.c -o cleaning.o
 
gcc -DPWD="\"/Users/dwulfe/my_cub3d/parser\"" -g -c exec.c -o exec.o
 
gcc -DPWD="\"/Users/dwulfe/my_cub3d/parser\"" -g -c funcs.c -o funcs.o
 
gcc -DPWD="\"/Users/dwulfe/my_cub3d/parser\"" -g -c gnl.c -o gnl.o
 
gcc -DPWD="\"/Users/dwulfe/my_cub3d/parser\"" -g -c inits.c -o inits.o
 
gcc -DPWD="\"/Users/dwulfe/my_cub3d/parser\"" -g -c parse_colors.c -o parse_colors.o
 
gcc -DPWD="\"/Users/dwulfe/my_cub3d/parser\"" -g -c parse_textures.c -o parse_textures.o
 
gcc -DPWD="\"/Users/dwulfe/my_cub3d/parser\"" -g -c parser.c -o parser.o
ar rcs libparser.a check_map.o check_map_strings.o check_params.o cleaning.o exec.o funcs.o gnl.o inits.o parse_colors.o parse_textures.o parser.o
 
make[1]: Leaving directory `/Users/dwulfe/my_cub3d/parser'
/Applications/Xcode.app/Contents/Developer/usr/bin/make lib -C ./parser
 
make[1]: Entering directory `/Users/dwulfe/my_cub3d/parser'
gcc -DPWD="\"/Users/dwulfe/my_cub3d/parser\"" -g -c check_map.c -o check_map.o
 
gcc -DPWD="\"/Users/dwulfe/my_cub3d/parser\"" -g -c check_map_strings.c -o check_map_strings.o
 
gcc -DPWD="\"/Users/dwulfe/my_cub3d/parser\"" -g -c check_params.c -o check_params.o
 
gcc -DPWD="\"/Users/dwulfe/my_cub3d/parser\"" -g -c cleaning.c -o cleaning.o
 
gcc -DPWD="\"/Users/dwulfe/my_cub3d/parser\"" -g -c exec.c -o exec.o
 
gcc -DPWD="\"/Users/dwulfe/my_cub3d/parser\"" -g -c funcs.c -o funcs.o
 
gcc -DPWD="\"/Users/dwulfe/my_cub3d/parser\"" -g -c gnl.c -o gnl.o
 
gcc -DPWD="\"/Users/dwulfe/my_cub3d/parser\"" -g -c inits.c -o inits.o
 
gcc -DPWD="\"/Users/dwulfe/my_cub3d/parser\"" -g -c parse_colors.c -o parse_colors.o
 
gcc -DPWD="\"/Users/dwulfe/my_cub3d/parser\"" -g -c parse_textures.c -o parse_textures.o
 
gcc -DPWD="\"/Users/dwulfe/my_cub3d/parser\"" -g -c parser.c -o parser.o
 
ar rcs libparser.a check_map.o check_map_strings.o check_params.o cleaning.o exec.o funcs.o gnl.o inits.o parse_colors.o parse_textures.o parser.o
make[1]: Leaving directory `/Users/dwulfe/my_cub3d/parser'
 
gcc -Wall -Wextra -Werror -c main.c -o ./objs/main.o
 
gcc -Wall -Wextra -Werror -g -DPWD="\"/Users/dwulfe/my_cub3d\"" -c render/srcs/coin_sprites.c -o objs/coin_sprites.o
 
gcc -Wall -Wextra -Werror -g -DPWD="\"/Users/dwulfe/my_cub3d\"" -c render/srcs/mlx.c -o objs/mlx.o
 
gcc -Wall -Wextra -Werror -g -DPWD="\"/Users/dwulfe/my_cub3d\"" -c render/srcs/mlx_keys.c -o objs/mlx_keys.o
 
gcc -Wall -Wextra -Werror -g -DPWD="\"/Users/dwulfe/my_cub3d\"" -c render/srcs/movies.c -o objs/movies.o
 
gcc -Wall -Wextra -Werror -g -DPWD="\"/Users/dwulfe/my_cub3d\"" -c render/srcs/render.c -o objs/render.o
 
gcc -Wall -Wextra -Werror -g -fsanitize=address -L./parser/ -lparser -lmlx -framework OpenGL -framework AppKit -L./libs/Libft -lft ./objs/main.o ./objs/coin_sprites.o ./objs/mlx.o ./objs/mlx_keys.o ./objs/movies.o ./objs/render.o -o Cub3d
make: Leaving directory `/Users/dwulfe/my_cub3d'
 
